[09:29:03] [Server thread/INFO]: Starting minecraft server version 1.7.10
[09:29:03] [Server thread/WARN]: To start the server with more ram, launch it as "java -Xmx1024M -Xms1024M -jar minecraft_server.jar"
[09:29:08] [Server thread/INFO]: Loading properties
[09:29:08] [Server thread/INFO]: Default game type: SURVIVAL
[09:29:08] [Server thread/INFO]: Generating keypair
[09:29:08] [Server thread/INFO]: Starting Minecraft server on *:25565
[09:29:11] [Server thread/INFO]: Preparing level "world"
[09:29:12] [Server thread/INFO]: Preparing start region for level 0
[09:29:12] [Server thread/INFO]: Done (1.259s)! For help, type "help" or "?"
[09:38:46] [Server thread/WARN]: Time ran backwards! Did the system time change?
[09:53:15] [User Authenticator #1/INFO]: UUID of player DracDoesMC is 81dbec0c-b378-4ef9-bbd5-97e540694243
[09:53:15] [Server thread/INFO]: DracDoesMC[/127.0.0.1:55814] logged in with entity id 614 at (11.46388021675637, 60.0, 200.87772933350698)
[09:53:15] [Server thread/INFO]: DracDoesMC joined the game
[10:08:53] [Server thread/INFO]: [DracDoesMC: Set game difficulty to Peaceful]
[10:11:11] [Server thread/INFO]: [DracDoesMC: Set game difficulty to Easy]
[10:15:12] [Server thread/WARN]: DracDoesMC moved wrongly!
[10:17:03] [Server thread/INFO]: DracDoesMC was slain by [EioKillera]
[10:17:04] [Server thread/INFO]: DracDoesMC lost connection: TextComponent{text='A fatal error has occured, this connection is terminated', siblings=[], style=Style{hasParent=false, color=null, bold=null, italic=null, underlined=null, obfuscated=null, clickEvent=null, hoverEvent=null}}
[10:17:04] [Server thread/INFO]: DracDoesMC left the game
[10:17:09] [User Authenticator #2/INFO]: UUID of player DracDoesMC is 81dbec0c-b378-4ef9-bbd5-97e540694243
[10:17:10] [Server thread/INFO]: DracDoesMC[/127.0.0.1:55932] logged in with entity id 26560 at (9.322085555223548, 61.0, 193.9713484757531)
[10:17:10] [Server thread/INFO]: DracDoesMC joined the game
[10:18:32] [Server thread/INFO]: [DracDoesMC: Set game difficulty to Peaceful]
[12:01:06] [Server thread/INFO]: DracDoesMC lost connection: TextComponent{text='Disconnected', siblings=[], style=Style{hasParent=false, color=null, bold=null, italic=null, underlined=null, obfuscated=null, clickEvent=null, hoverEvent=null}}
[12:01:06] [Server thread/INFO]: DracDoesMC left the game
[12:02:32] [Server thread/INFO]: Stopping the server
[12:02:32] [Server thread/INFO]: Stopping server
[12:02:32] [Server thread/INFO]: Saving players
[12:02:32] [Server thread/INFO]: Saving worlds
[12:02:32] [Server thread/INFO]: Saving chunks for level 'world'/Overworld
[12:02:32] [Server thread/INFO]: Saving chunks for level 'world'/Nether
[12:02:32] [Server thread/INFO]: Saving chunks for level 'world'/The End
[12:02:32] [Server thread/INFO]: Saving chunks for level 'world'/Spirit World
[12:02:32] [Server thread/INFO]: Saving chunks for level 'world'/Torment
[12:02:32] [Server thread/INFO]: Saving chunks for level 'world'/Mirror
